<?xml version="1.0" encoding="utf-8"?><testsuites><testsuite errors="0" failures="0" hostname="12639691a7e1" name="pytest" skipped="0" tests="5" time="0.177" timestamp="2023-02-16T15:37:50.909823"><testcase classname="test_init" name="test_createBD_true" time="0.051" /><testcase classname="test_init" name="test_fillClients_true" time="0.001" /><testcase classname="test_init" name="test_fillOrders_true" time="0.001" /><testcase classname="test_init" name="test_countClients" time="0.062" /><testcase classname="test_init" name="test_countOrders" time="0.018" /></testsuite></testsuites>